Log Start @2014-11-22-15-16-58-495221
Current ID Tick: 39
Logs saved.
Saving README.txt to server database...
README.txt saved.
Saving sadfsadf.txt to server database...
sadfsadf.txt saved.
Saving BUG REPORT.log to server database...
BUG REPORT.log saved.
Saving Kingdom Of Adam to server database...
Kingdom Of Adam saved.
Saving HiAdam.txt to server database...
HiAdam.txt saved.
Saving ASCII Art.txt to server database...
ASCII Art.txt saved.
Saving TODO.txt to server database...
TODO.txt saved.
Saving exampleFile.txt to server database...
exampleFile.txt saved.
~CONF 39
A new client has connected. IP: 192.168.1.13 ID: 0x00000027
~39`FLIST`README.txt`sadfsadf.txt`BUG REPORT.log`Kingdom Of Adam`HiAdam.txt`ASCII Art.txt`TODO.txt`exampleFile.txt
~CONF 40
A new client has connected. IP: 192.168.1.13 ID: 0x00000028
~40`FLIST`README.txt`sadfsadf.txt`BUG REPORT.log`Kingdom Of Adam`HiAdam.txt`ASCII Art.txt`TODO.txt`exampleFile.txt
Saving file names to data/fileNames.list...
File names saved.
Saving logs to server-side memory...
