Log Start @2014-11-22-15-25-53-1030476
Current ID Tick: 41
Logs saved.
Saving README.txt to server database...
README.txt saved.
Saving sadfsadf.txt to server database...
sadfsadf.txt saved.
Saving BUG REPORT.log to server database...
BUG REPORT.log saved.
Saving Kingdom Of Adam to server database...
Kingdom Of Adam saved.
Saving HiAdam.txt to server database...
HiAdam.txt saved.
Saving ASCII Art.txt to server database...
ASCII Art.txt saved.
Saving TODO.txt to server database...
TODO.txt saved.
Saving exampleFile.txt to server database...
exampleFile.txt saved.
Saving file names to data/fileNames.list...
File names saved.
Saving logs to server-side memory...
